<?xml version="1.0" encoding="UTF-8"?>
<testsuite xmlns:xsi="http://www.w3.org/2001/XMLSchema-instance" xsi:noNamespaceSchemaLocation="https://maven.apache.org/surefire/maven-surefire-plugin/xsd/surefire-test-report.xsd" name="net.rorynolan.detrendr.DetrendTest" time="0.04" tests="1" errors="1" skipped="0" failures="0">
  <properties>
[...]
</properties>
  <testcase name="testDetrendingAndBrightness" classname="net.rorynolan.detrendr.DetrendTest" time="0.036">
    <error type="java.lang.ExceptionInInitializerError">java.lang.ExceptionInInitializerError
	at net.rorynolan.detrendr.DetrendTest.testDetrendingAndBrightness(DetrendTest.java:17)
Caused by: java.lang.StringIndexOutOfBoundsException: begin 0, end 3, length 2
	at net.rorynolan.detrendr.DetrendTest.testDetrendingAndBrightness(DetrendTest.java:17)
</error>
  </testcase>
</testsuite>